FUNCTION  <SNR>1_LoadFTPlugin()
    Defined: ~\scoop\apps\neovim\current\share\nvim\runtime\ftplugin.vim:15
Called 4 times
Total time:   0.049236
 Self time:   0.047115

count  total (s)   self (s)
    4              0.000021     if exists("b:undo_ftplugin")
                                  exe b:undo_ftplugin
                                  unlet! b:undo_ftplugin b:did_ftplugin
    4              0.000003     endif
                            
    4              0.000017     let s = expand("<amatch>")
    4              0.000006     if s != ""
    4              0.000028       if &cpo =~# "S" && exists("b:did_ftplugin")
                            	" In compatible mode options are reset to the global values, need to
                            	" set the local values also when a plugin was already used.
                            	unlet b:did_ftplugin
    4              0.000001       endif
                            
                                  " When there is a dot it is used to separate filetype names.  Thus for
                                  " "aaa.bbb" load "aaa" and then "bbb".
    8              0.000030       for name in split(s, '\.')
                                    " Load Lua ftplugins after Vim ftplugins _per directory_
                                    " TODO(clason): use nvim__get_runtime when supports globs and modeline
                                    " XXX: "[.]" in the first pattern makes it a wildcard on Windows
    4   0.049044   0.046923         exe $'runtime! ftplugin/{name}[.]{{vim,lua}} ftplugin/{name}_*.{{vim,lua}} ftplugin/{name}/*.{{vim,lua}}'
    8              0.000018       endfor
    4              0.000003     endif

FUNCTION  <SNR>30_Highlight_Matching_Pair()
    Defined: ~\scoop\apps\neovim\current\share\nvim\runtime\plugin\matchparen.vim:45
Called 727 times
Total time:   0.222288
 Self time:   0.210585

count  total (s)   self (s)
  727              0.005038   if !exists("w:matchparen_ids")
                                let w:matchparen_ids = []
  727              0.000658   endif
                              " Remove any previous match.
  727   0.017497   0.005794   call s:Remove_Matches()
                            
                              " Avoid that we remove the popup menu.
                              " Return when there are no colors (looks like the cursor jumps).
  727              0.003593   if pumvisible() || (&t_Co < 8 && !has("gui_running"))
                                return
  727              0.000350   endif
                            
                              " Get the character under the cursor and check if it's in 'matchpairs'.
  727              0.002307   let c_lnum = line('.')
  727              0.001748   let c_col = col('.')
  727              0.000931   let before = 0
                            
  727              0.002213   let text = getline(c_lnum)
  727              0.004037   let c_before = text->strpart(0, c_col - 1)->slice(-1)
  727              0.002938   let c = text->strpart(c_col - 1)->slice(0, 1)
  727              0.011699   let plist = split(&matchpairs, '.\zs[:,]')
  727              0.002480   let i = index(plist, c)
  727              0.000851   if i < 0
                                " not found, in Insert mode try character before the cursor
  651              0.002168     if c_col > 1 && (mode() == 'i' || mode() == 'R')
    5              0.000009       let before = strlen(c_before)
    5              0.000005       let c = c_before
    5              0.000007       let i = index(plist, c)
  651              0.000378     endif
  651              0.000636     if i < 0
                                  " not found, nothing to do
  651              0.000636       return
                                endif
   76              0.000039   endif
                            
                              " Figure out the arguments for searchpairpos().
   76              0.000105   if i % 2 == 0
   15              0.000021     let s_flags = 'nW'
   15              0.000044     let c2 = plist[i + 1]
   61              0.000043   else
   61              0.000095     let s_flags = 'nbW'
   61              0.000110     let c2 = c
   61              0.000174     let c = plist[i - 1]
   76              0.000045   endif
   76              0.000119   if c == '['
    2              0.000003     let c = '\['
    2              0.000002     let c2 = '\]'
   76              0.000039   endif
                            
                              " Find the match.  When it was just before the cursor move it there for a
                              " moment.
   76              0.000091   if before > 0
                                let save_cursor = getcurpos()
                                call cursor(c_lnum, c_col - before)
                                defer setpos('.', save_cursor)
   76              0.000037   endif
                            
   76              0.000727   if !has("syntax") || !exists("g:syntax_on")
                                let s_skip = "0"
   76              0.000305   elseif exists("b:ts_highlight") && &syntax != 'on'
   76              0.000409     let s_skip = "match(v:lua.vim.treesitter.get_captures_at_cursor(), '" .. 'string\|character\|singlequote\|escape\|symbol\|comment' .. "') != -1"
                              else
                                " do not attempt to match when the syntax item where the cursor is
                                " indicates there does not exist a matching parenthesis, e.g. for shells
                                " case statement: "case $var in foobar)"
                                "
                                " add the check behind a filetype check, so it only needs to be
                                " evaluated for certain filetypes
                                if ['sh']->index(&filetype) >= 0 && synstack(".", col("."))->indexof({_, id -> synIDattr(id, "name") =~? "shSnglCase"}) >= 0
                                  return
                                endif
                                " Build an expression that detects whether the current cursor position is
                                " in certain syntax types (string, comment, etc.), for use as
                                " searchpairpos()'s skip argument.
                                " We match "escape" for special items, such as lispEscapeSpecial, and
                                " match "symbol" for lispBarSymbol.
                                let s_skip = 'synstack(".", col("."))' . '->indexof({_, id -> synIDattr(id, "name") =~? ' . '"string\\|character\\|singlequote\\|escape\\|symbol\\|comment"}) >= 0'
                                " If executing the expression determines that the cursor is currently in
                                " one of the syntax types, then we want searchpairpos() to find the pair
                                " within those syntax types (i.e., not skip).  Otherwise, the cursor is
                                " outside of the syntax types and s_skip should keep its value so we skip
                                " any matching pair inside the syntax types.
                                " Catch if this throws E363: pattern uses more memory than 'maxmempattern'.
                                try
                                  execute 'if ' . s_skip . ' | let s_skip = "0" | endif'
                                catch /^Vim\%((\a\+)\)\=:E363/
                                  " We won't find anything, so skip searching, should keep Vim responsive.
                                  return
                                endtry
   76              0.000058   endif
                            
                              " Limit the search to lines visible in the window.
   76              0.000210   let stoplinebottom = line('w$')
   76              0.000170   let stoplinetop = line('w0')
   76              0.000103   if i % 2 == 0
   15              0.000025     let stopline = stoplinebottom
   61              0.000033   else
   61              0.000102     let stopline = stoplinetop
   76              0.000041   endif
                            
                              " Limit the search time to 300 msec to avoid a hang on very long lines.
                              " This fails when a timeout is not supported.
   76              0.000218   if mode() == 'i' || mode() == 'R'
                                let timeout = exists("b:matchparen_insert_timeout") ? b:matchparen_insert_timeout : g:matchparen_insert_timeout
   76              0.000041   else
   76              0.000376     let timeout = exists("b:matchparen_timeout") ? b:matchparen_timeout : g:matchparen_timeout
   76              0.000044   endif
   76              0.000051   try
   76              0.137450     let [m_lnum, m_col] = searchpairpos(c, '', c2, s_flags, s_skip, stopline, timeout)
                              catch /E118/
                                " Can't use the timeout, restrict the stopline a bit more to avoid taking
                                " a long time on closed folds and long lines.
                                " The "viewable" variables give a range in which we can scroll while
                                " keeping the cursor at the same position.
                                " adjustedScrolloff accounts for very large numbers of scrolloff.
                                let adjustedScrolloff = min([&scrolloff, (line('w$') - line('w0')) / 2])
                                let bottom_viewable = min([line('$'), c_lnum + &lines - adjustedScrolloff - 2])
                                let top_viewable = max([1, c_lnum-&lines+adjustedScrolloff + 2])
                                " one of these stoplines will be adjusted below, but the current values are
                                " minimal boundaries within the current window
                                if i % 2 == 0
                                  if has("byte_offset") && has("syntax_items") && &smc > 0
                            	let stopbyte = min([line2byte("$"), line2byte(".") + col(".") + &smc * 2])
                            	let stopline = min([bottom_viewable, byte2line(stopbyte)])
                                  else
                            	let stopline = min([bottom_viewable, c_lnum + 100])
                                  endif
                                  let stoplinebottom = stopline
                                else
                                  if has("byte_offset") && has("syntax_items") && &smc > 0
                            	let stopbyte = max([1, line2byte(".") + col(".") - &smc * 2])
                            	let stopline = max([top_viewable, byte2line(stopbyte)])
                                  else
                            	let stopline = max([top_viewable, c_lnum - 100])
                                  endif
                                  let stoplinetop = stopline
                                endif
                                let [m_lnum, m_col] = searchpairpos(c, '', c2, s_flags, s_skip, stopline)
   76              0.000051   endtry
                            
                              " If a match is found setup match highlighting.
   76              0.000177   if m_lnum > 0 && m_lnum >= stoplinetop && m_lnum <= stoplinebottom
   53              0.000064     if !g:matchparen_disable_cursor_hl
   53              0.000431       call add(w:matchparen_ids, matchaddpos('MatchParen', [[c_lnum, c_col - before], [m_lnum, m_col]], 10))
                                else
                                  call add(w:matchparen_ids, matchaddpos('MatchParen', [[m_lnum, m_col]], 10))
   53              0.000022     endif
   53              0.000066     let w:paren_hl_on = 1
   76              0.000032   endif

FUNCTION  <SNR>6_SynSet()
    Defined: ~\scoop\apps\neovim\current\share\nvim\runtime\syntax\synload.vim:27
Called 4 times
Total time:   0.013300
 Self time:   0.013300

count  total (s)   self (s)
                              " clear syntax for :set syntax=OFF  and any syntax name that doesn't exist
    4              0.000011   syn clear
    4              0.000014   if exists("b:current_syntax")
                                unlet b:current_syntax
    4              0.000002   endif
                            
    4              0.000016   0verbose let s = expand("<amatch>")
    4              0.000005   if s == "ON"
                                " :set syntax=ON
                                if &filetype == ""
                                  echohl ErrorMsg
                                  echo "filetype unknown"
                                  echohl None
                                endif
                                let s = &filetype
    4              0.000004   elseif s == "OFF"
                                let s = ""
    4              0.000001   endif
                            
    4              0.000003   if s != ""
                                " Load the syntax file(s).  When there are several, separated by dots,
                                " load each in sequence.  Skip empty entries.
    4              0.000015     for name in split(s, '\.')
    2              0.000003       if !empty(name)
                                    " XXX: "[.]" in the first pattern makes it a wildcard on Windows
    2              0.013135         exe $'runtime! syntax/{name}[.]{{vim,lua}} syntax/{name}/*.{{vim,lua}}'
    2              0.000008       endif
    4              0.000003     endfor
    4              0.000003   endif

FUNCTION  <SNR>30_Remove_Matches()
    Defined: ~\scoop\apps\neovim\current\share\nvim\runtime\plugin\matchparen.vim:203
Called 730 times
Total time:   0.011750
 Self time:   0.011750

count  total (s)   self (s)
  730              0.002620   if exists('w:paren_hl_on') && w:paren_hl_on
  106              0.000326     while !empty(w:matchparen_ids)
   53              0.000382       silent! call remove(w:matchparen_ids, 0)->matchdelete()
  106              0.000129     endwhile
   53              0.000121     let w:paren_hl_on = 0
  730              0.000417   endif

FUNCTION  <SNR>2_LoadIndent()
    Defined: ~\scoop\apps\neovim\current\share\nvim\runtime\indent.vim:14
Called 4 times
Total time:   0.018370
 Self time:   0.018228

count  total (s)   self (s)
    4              0.000014     if exists("b:undo_indent")
                                  exe b:undo_indent
                                  unlet! b:undo_indent b:did_indent
    4              0.000002     endif
    4              0.000018     let s = expand("<amatch>")
    4              0.000006     if s != ""
    4              0.000006       if exists("b:did_indent")
                            	unlet b:did_indent
    4              0.000001       endif
                            
                                  " When there is a dot it is used to separate filetype names.  Thus for
                                  " "aaa.bbb" load "indent/aaa.vim" and then "indent/bbb.vim".
    8              0.000026       for name in split(s, '\.')
                                    " XXX: "[.]" in the pattern makes it a wildcard on Windows
    4   0.018234   0.018092         exe $'runtime! indent/{name}[.]{{vim,lua}}'
    8              0.000014       endfor
    4              0.000003     endif

FUNCTION  GetLuaIndentIntern()
    Defined: ~\scoop\apps\neovim\current\share\nvim\runtime\indent\lua.vim:40
Called 1 time
Total time:   0.000090
 Self time:   0.000090

count  total (s)   self (s)
                              " Find a non-blank line above the current line.
    1              0.000004   let prevlnum = prevnonblank(v:lnum - 1)
                            
                              " Hit the start of the file, use zero indent.
    1              0.000002   if prevlnum == 0
                                return 0
    1              0.000001   endif
                            
                              " Add a 'shiftwidth' after lines that start a block:
                              " 'function', 'if', 'for', 'while', 'repeat', 'else', 'elseif', '{', '('
    1              0.000002   let ind = indent(prevlnum)
    1              0.000002   let prevline = getline(prevlnum)
    1              0.000025   let midx = match(prevline, '^\s*\%(if\>\|for\>\|while\>\|repeat\>\|else\>\|elseif\>\|do\>\|then\>\)')
    1              0.000001   if midx == -1
    1              0.000011     let midx = match(prevline, '\%({\|(\)\s*\%(--\%([^[].*\)\?\)\?$')
    1              0.000001     if midx == -1
    1              0.000006       let midx = match(prevline, '\<function\>\s*\%(\k\|[.:]\)\{-}\s*(')
    1              0.000000     endif
    1              0.000000   endif
                            
    1              0.000001   if midx != -1
                                " Add 'shiftwidth' if what we found previously is not in a comment and
                                " an "end" or "until" is not present on the same line.
                                if synIDattr(synID(prevlnum, midx + 1, 1), "name") != "luaComment" && prevline !~ '\<end\>\|\<until\>'
                                  let ind = ind + shiftwidth()
                                endif
    1              0.000000   endif
                            
                              " Subtract a 'shiftwidth' on end, else, elseif, until, '}' and ')'
                              " This is the part that requires 'indentkeys'.
    1              0.000014   let midx = match(getline(v:lnum), '^\s*\%(end\>\|else\>\|elseif\>\|until\>\|}\|)\)')
    1              0.000002   if midx != -1 && synIDattr(synID(v:lnum, midx + 1, 1), "name") != "luaComment"
                                let ind = ind - shiftwidth()
    1              0.000000   endif
                            
    1              0.000001   return ind

FUNCTION  GetLuaIndent()
    Defined: ~\scoop\apps\neovim\current\share\nvim\runtime\indent\lua.vim:30
Called 1 time
Total time:   0.000133
 Self time:   0.000034

count  total (s)   self (s)
    1              0.000011     let ignorecase_save = &ignorecase
    1              0.000001   try
    1   0.000015   0.000007     let &ignorecase = 0
    1   0.000097   0.000007     return GetLuaIndentIntern()
    1              0.000001   finally
    1   0.000004   0.000003     let &ignorecase = ignorecase_save
    1              0.000001   endtry

FUNCTIONS SORTED ON TOTAL TIME
count  total (s)   self (s)  function
  727   0.222288   0.210585  <SNR>30_Highlight_Matching_Pair()
    4   0.049236   0.047115  <SNR>1_LoadFTPlugin()
    4   0.018370   0.018228  <SNR>2_LoadIndent()
    4   0.013300             <SNR>6_SynSet()
  730   0.011750             <SNR>30_Remove_Matches()
    1   0.000133   0.000034  GetLuaIndent()
    1   0.000090             GetLuaIndentIntern()

FUNCTIONS SORTED ON SELF TIME
count  total (s)   self (s)  function
  727   0.222288   0.210585  <SNR>30_Highlight_Matching_Pair()
    4   0.049236   0.047115  <SNR>1_LoadFTPlugin()
    4   0.018370   0.018228  <SNR>2_LoadIndent()
    4              0.013300  <SNR>6_SynSet()
  730              0.011750  <SNR>30_Remove_Matches()
    1              0.000090  GetLuaIndentIntern()
    1   0.000133   0.000034  GetLuaIndent()

